# JRE version: OpenJDK Runtime Environment (7.0_51) (build 1.7.0_51-b00)
# Java VM: OpenJDK 64-Bit Server VM (24.45-b08 mixed mode linux-amd64 compressed oops)
Heap
 def new generation   total 157248K, used 13552K [0x00000000d0000000, 0x00000000daaa0000, 0x00000000daaa0000)
  eden space 139776K,   9% used [0x00000000d0000000, 0x00000000d0d3c070, 0x00000000d8880000)
  from space 17472K,   0% used [0x00000000d8880000, 0x00000000d8880000, 0x00000000d9990000)
  to   space 17472K,   0% used [0x00000000d9990000, 0x00000000d9990000, 0x00000000daaa0000)
 tenured generation   total 349568K, used 155165K [0x00000000daaa0000, 0x00000000f0000000, 0x00000000f0000000)
   the space 349568K,  44% used [0x00000000daaa0000, 0x00000000e42274b8, 0x00000000e4227600, 0x00000000f0000000)
 compacting perm gen  total 145408K, used 145391K [0x00000000f0000000, 0x00000000f8e00000, 0x0000000100000000)
   the space 145408K,  99% used [0x00000000f0000000, 0x00000000f8dfbcb8, 0x00000000f8dfbe00, 0x00000000f8e00000)
GC Heap History (10 events):
Event: 581036.359 GC heap before
{Heap before GC invocations=3058 (full 2919):
 def new generation   total 157248K, used 8903K [0x00000000d0000000, 0x00000000daaa0000, 0x00000000daaa0000)
  eden space 139776K,   6% used [0x00000000d0000000, 0x00000000d08b1cd8, 0x00000000d8880000)
  from space 17472K,   0% used [0x00000000d8880000, 0x00000000d8880000, 0x00000000d9990000)
  to   space 17472K,   0% used [0x00000000d9990000, 0x00000000d9990000, 0x00000000daaa0000)
 tenured generation   total 349568K, used 155168K [0x00000000daaa0000, 0x00000000f0000000, 0x00000000f0000000)
   the space 349568K,  44% used [0x00000000daaa0000, 0x00000000e4228360, 0x00000000e4228400, 0x00000000f0000000)
 compacting perm gen  total 145408K, used 145259K [0x00000000f0000000, 0x00000000f8e00000, 0x0000000100000000)
   the space 145408K,  99% used [0x00000000f0000000, 0x00000000f8ddaf08, 0x00000000f8ddb000, 0x00000000f8e00000)
No shared spaces configured.
Event: 581036.969 GC heap after
Heap after GC invocations=3059 (full 2920):
 def new generation   total 157248K, used 0K [0x00000000d0000000, 0x00000000daaa0000, 0x00000000daaa0000)
  eden space 139776K,   0% used [0x00000000d0000000, 0x00000000d0000000, 0x00000000d8880000)
  from space 17472K,   0% used [0x00000000d8880000, 0x00000000d8880000, 0x00000000d9990000)
  to   space 17472K,   0% used [0x00000000d9990000, 0x00000000d9990000, 0x00000000daaa0000)
 tenured generation   total 349568K, used 155344K [0x00000000daaa0000, 0x00000000f0000000, 0x00000000f0000000)
   the space 349568K,  44% used [0x00000000daaa0000, 0x00000000e42542d8, 0x00000000e4254400, 0x00000000f0000000)
 compacting perm gen  total 145408K, used 145259K [0x00000000f0000000, 0x00000000f8e00000, 0x0000000100000000)
   the space 145408K,  99% used [0x00000000f0000000, 0x00000000f8ddaf08, 0x00000000f8ddb000, 0x00000000f8e00000)
No shared spaces configured.
}
Event: 581096.972 GC heap before
{Heap before GC invocations=3059 (full 2920):
 def new generation   total 157248K, used 2199K [0x00000000d0000000, 0x00000000daaa0000, 0x00000000daaa0000)
  eden space 139776K,   1% used [0x00000000d0000000, 0x00000000d0225fa0, 0x00000000d8880000)
  from space 17472K,   0% used [0x00000000d8880000, 0x00000000d8880000, 0x00000000d9990000)
  to   space 17472K,   0% used [0x00000000d9990000, 0x00000000d9990000, 0x00000000daaa0000)
 tenured generation   total 349568K, used 155344K [0x00000000daaa0000, 0x00000000f0000000, 0x00000000f0000000)
   the space 349568K,  44% used [0x00000000daaa0000, 0x00000000e42542d8, 0x00000000e4254400, 0x00000000f0000000)
 compacting perm gen  total 145408K, used 145259K [0x00000000f0000000, 0x00000000f8e00000, 0x0000000100000000)
   the space 145408K,  99% used [0x00000000f0000000, 0x00000000f8ddaf08, 0x00000000f8ddb000, 0x00000000f8e00000)
No shared spaces configured.
Event: 581097.525 GC heap after
Heap after GC invocations=3060 (full 2921):
 def new generation   total 157248K, used 0K [0x00000000d0000000, 0x00000000daaa0000, 0x00000000daaa0000)
  eden space 139776K,   0% used [0x00000000d0000000, 0x00000000d0000000, 0x00000000d8880000)
  from space 17472K,   0% used [0x00000000d8880000, 0x00000000d8880000, 0x00000000d9990000)
  to   space 17472K,   0% used [0x00000000d9990000, 0x00000000d9990000, 0x00000000daaa0000)
 tenured generation   total 349568K, used 155345K [0x00000000daaa0000, 0x00000000f0000000, 0x00000000f0000000)
   the space 349568K,  44% used [0x00000000daaa0000, 0x00000000e4254548, 0x00000000e4254600, 0x00000000f0000000)
 compacting perm gen  total 145408K, used 145259K [0x00000000f0000000, 0x00000000f8e00000, 0x0000000100000000)
   the space 145408K,  99% used [0x00000000f0000000, 0x00000000f8ddaf08, 0x00000000f8ddb000, 0x00000000f8e00000)
No shared spaces configured.
}
Event: 581157.528 GC heap before
{Heap before GC invocations=3060 (full 2921):
 def new generation   total 157248K, used 1767K [0x00000000d0000000, 0x00000000daaa0000, 0x00000000daaa0000)
  eden space 139776K,   1% used [0x00000000d0000000, 0x00000000d01b9e80, 0x00000000d8880000)
  from space 17472K,   0% used [0x00000000d8880000, 0x00000000d8880000, 0x00000000d9990000)
  to   space 17472K,   0% used [0x00000000d9990000, 0x00000000d9990000, 0x00000000daaa0000)
 tenured generation   total 349568K, used 155345K [0x00000000daaa0000, 0x00000000f0000000, 0x00000000f0000000)
   the space 349568K,  44% used [0x00000000daaa0000, 0x00000000e4254548, 0x00000000e4254600, 0x00000000f0000000)
 compacting perm gen  total 145408K, used 145259K [0x00000000f0000000, 0x00000000f8e00000, 0x0000000100000000)
   the space 145408K,  99% used [0x00000000f0000000, 0x00000000f8ddaf08, 0x00000000f8ddb000, 0x00000000f8e00000)
No shared spaces configured.
Event: 581158.151 GC heap after
Heap after GC invocations=3061 (full 2922):
 def new generation   total 157248K, used 0K [0x00000000d0000000, 0x00000000daaa0000, 0x00000000daaa0000)
  eden space 139776K,   0% used [0x00000000d0000000, 0x00000000d0000000, 0x00000000d8880000)
  from space 17472K,   0% used [0x00000000d8880000, 0x00000000d8880000, 0x00000000d9990000)
  to   space 17472K,   0% used [0x00000000d9990000, 0x00000000d9990000, 0x00000000daaa0000)
 tenured generation   total 349568K, used 155345K [0x00000000daaa0000, 0x00000000f0000000, 0x00000000f0000000)
   the space 349568K,  44% used [0x00000000daaa0000, 0x00000000e42547b8, 0x00000000e4254800, 0x00000000f0000000)
 compacting perm gen  total 145408K, used 145259K [0x00000000f0000000, 0x00000000f8e00000, 0x0000000100000000)
   the space 145408K,  99% used [0x00000000f0000000, 0x00000000f8ddaf08, 0x00000000f8ddb000, 0x00000000f8e00000)
No shared spaces configured.
}
Event: 581218.154 GC heap before
{Heap before GC invocations=3061 (full 2922):
 def new generation   total 157248K, used 2167K [0x00000000d0000000, 0x00000000daaa0000, 0x00000000daaa0000)
  eden space 139776K,   1% used [0x00000000d0000000, 0x00000000d021dc10, 0x00000000d8880000)
  from space 17472K,   0% used [0x00000000d8880000, 0x00000000d8880000, 0x00000000d9990000)
  to   space 17472K,   0% used [0x00000000d9990000, 0x00000000d9990000, 0x00000000daaa0000)
 tenured generation   total 349568K, used 155345K [0x00000000daaa0000, 0x00000000f0000000, 0x00000000f0000000)
   the space 349568K,  44% used [0x00000000daaa0000, 0x00000000e42547b8, 0x00000000e4254800, 0x00000000f0000000)
 compacting perm gen  total 145408K, used 145259K [0x00000000f0000000, 0x00000000f8e00000, 0x0000000100000000)
   the space 145408K,  99% used [0x00000000f0000000, 0x00000000f8ddaf08, 0x00000000f8ddb000, 0x00000000f8e00000)
No shared spaces configured.
Event: 581218.736 GC heap after
Heap after GC invocations=3062 (full 2923):
 def new generation   total 157248K, used 0K [0x00000000d0000000, 0x00000000daaa0000, 0x00000000daaa0000)
  eden space 139776K,   0% used [0x00000000d0000000, 0x00000000d0000000, 0x00000000d8880000)
  from space 17472K,   0% used [0x00000000d8880000, 0x00000000d8880000, 0x00000000d9990000)
  to   space 17472K,   0% used [0x00000000d9990000, 0x00000000d9990000, 0x00000000daaa0000)
 tenured generation   total 349568K, used 155346K [0x00000000daaa0000, 0x00000000f0000000, 0x00000000f0000000)
   the space 349568K,  44% used [0x00000000daaa0000, 0x00000000e4254b98, 0x00000000e4254c00, 0x00000000f0000000)
 compacting perm gen  total 145408K, used 145259K [0x00000000f0000000, 0x00000000f8e00000, 0x0000000100000000)
   the space 145408K,  99% used [0x00000000f0000000, 0x00000000f8ddaf08, 0x00000000f8ddb000, 0x00000000f8e00000)
No shared spaces configured.
}
Event: 581278.739 GC heap before
{Heap before GC invocations=3062 (full 2923):
 def new generation   total 157248K, used 1767K [0x00000000d0000000, 0x00000000daaa0000, 0x00000000daaa0000)
  eden space 139776K,   1% used [0x00000000d0000000, 0x00000000d01b9e80, 0x00000000d8880000)
  from space 17472K,   0% used [0x00000000d8880000, 0x00000000d8880000, 0x00000000d9990000)
  to   space 17472K,   0% used [0x00000000d9990000, 0x00000000d9990000, 0x00000000daaa0000)
 tenured generation   total 349568K, used 155346K [0x00000000daaa0000, 0x00000000f0000000, 0x00000000f0000000)
   the space 349568K,  44% used [0x00000000daaa0000, 0x00000000e4254b98, 0x00000000e4254c00, 0x00000000f0000000)
 compacting perm gen  total 145408K, used 145259K [0x00000000f0000000, 0x00000000f8e00000, 0x0000000100000000)
   the space 145408K,  99% used [0x00000000f0000000, 0x00000000f8ddaf08, 0x00000000f8ddb000, 0x00000000f8e00000)
No shared spaces configured.
Event: 581279.336 GC heap after
Heap after GC invocations=3063 (full 2924):
 def new generation   total 157248K, used 0K [0x00000000d0000000, 0x00000000daaa0000, 0x00000000daaa0000)
  eden space 139776K,   0% used [0x00000000d0000000, 0x00000000d0000000, 0x00000000d8880000)
  from space 17472K,   0% used [0x00000000d8880000, 0x00000000d8880000, 0x00000000d9990000)
  to   space 17472K,   0% used [0x00000000d9990000, 0x00000000d9990000, 0x00000000daaa0000)
 tenured generation   total 349568K, used 155165K [0x00000000daaa0000, 0x00000000f0000000, 0x00000000f0000000)
   the space 349568K,  44% used [0x00000000daaa0000, 0x00000000e42274b8, 0x00000000e4227600, 0x00000000f0000000)
 compacting perm gen  total 145408K, used 145259K [0x00000000f0000000, 0x00000000f8e00000, 0x0000000100000000)
   the space 145408K,  99% used [0x00000000f0000000, 0x00000000f8ddaf08, 0x00000000f8ddb000, 0x00000000f8e00000)
No shared spaces configured.
}

